

Microchip MPLAB XC8 Assembler V2.31 build 20201012212115 
                                                                                               Wed Sep 01 16:44:24 2021

Microchip MPLAB XC8 C Compiler v2.31 (Free license) build 20201012212115 Og1 
     1                           	processor	16F887
     2                           	pagewidth 120
     3                           	opt	flic
     4                           	psect	cinit,global,class=CODE,merge=1,delta=2
     5                           	psect	bssCOMMON,global,class=COMMON,space=1,delta=1,noexec
     6                           	psect	cstackCOMMON,global,class=COMMON,space=1,delta=1,noexec
     7                           	psect	maintext,global,class=CODE,split=1,delta=2
     8                           	psect	text1,local,class=CODE,merge=1,delta=2
     9                           	psect	text2,local,class=CODE,merge=1,delta=2
    10                           	psect	text3,local,class=CODE,merge=1,delta=2
    11                           	psect	text4,local,class=CODE,merge=1,delta=2
    12                           	psect	intentry,global,class=CODE,delta=2
    13                           	psect	text5,local,class=CODE,merge=1,delta=2
    14                           	psect	config,global,abs,ovrld,class=CONFIG,space=4,delta=2,noexec
    15                           	dabs	1,0x7E,2
    16  0000                     
    17                           ; Version 2.20
    18                           ; Generated 12/02/2020 GMT
    19                           ; 
    20                           ; Copyright © 2020, Microchip Technology Inc. and its subsidiaries ("Microchip")
    21                           ; All rights reserved.
    22                           ; 
    23                           ; This software is developed by Microchip Technology Inc. and its subsidiaries ("Microch
      +                          ip").
    24                           ; 
    25                           ; Redistribution and use in source and binary forms, with or without modification, are
    26                           ; permitted provided that the following conditions are met:
    27                           ; 
    28                           ;     1. Redistributions of source code must retain the above copyright notice, this lis
      +                          t of
    29                           ;        conditions and the following disclaimer.
    30                           ; 
    31                           ;     2. Redistributions in binary form must reproduce the above copyright notice, this 
      +                          list
    32                           ;        of conditions and the following disclaimer in the documentation and/or other
    33                           ;        materials provided with the distribution.
    34                           ; 
    35                           ;     3. Microchip's name may not be used to endorse or promote products derived from th
      +                          is
    36                           ;        software without specific prior written permission.
    37                           ; 
    38                           ; THIS SOFTWARE IS PROVIDED BY MICROCHIP "AS IS" AND ANY EXPRESS OR IMPLIED WARRANTIES,
    39                           ; INCLUDING, BUT NOT LIMITED TO, THE IMPLIED WARRANTIES OF MERCHANTABILITY AND FITNESS F
      +                          OR
    40                           ; PURPOSE ARE DISCLAIMED.  IN NO EVENT SHALL MICROCHIP BE LIABLE FOR ANY DIRECT, INDIREC
      +                          T,
    41                           ; INCIDENTAL, SPECIAL, EXEMPLARY, OR CONSEQUENTIAL DAMAGES (INCLUDING BUT NOT LIMITED TO
    42                           ; PROCUREMENT OF SUBSTITUTE GOODS OR SERVICES; LOSS OF USE, DATA OR PROFITS; OR BUSINESS
    43                           ; INTERRUPTION) HOWSOEVER CAUSED AND ON ANY THEORY OF LIABILITY, WHETHER IN CONTRACT, ST
      +                          RICT
    44                           ; LIABILITY, OR TORT (INCLUDING NEGLIGENCE OR OTHERWISE) ARISING IN ANY WAY OUT OF THE U
      +                          SE OF
    45                           ; THIS SOFTWARE, EVEN IF ADVISED OF THE POSSIBILITY OF SUCH DAMAGE.
    46                           ; 
    47                           ; 
    48                           ; Code-generator required, PIC16F887 Definitions
    49                           ; 
    50                           ; SFR Addresses
    51  0000                     	;# 
    52  0001                     	;# 
    53  0002                     	;# 
    54  0003                     	;# 
    55  0004                     	;# 
    56  0005                     	;# 
    57  0006                     	;# 
    58  0007                     	;# 
    59  0008                     	;# 
    60  0009                     	;# 
    61  000A                     	;# 
    62  000B                     	;# 
    63  000C                     	;# 
    64  000D                     	;# 
    65  000E                     	;# 
    66  000E                     	;# 
    67  000F                     	;# 
    68  0010                     	;# 
    69  0011                     	;# 
    70  0012                     	;# 
    71  0013                     	;# 
    72  0014                     	;# 
    73  0015                     	;# 
    74  0015                     	;# 
    75  0016                     	;# 
    76  0017                     	;# 
    77  0018                     	;# 
    78  0019                     	;# 
    79  001A                     	;# 
    80  001B                     	;# 
    81  001B                     	;# 
    82  001C                     	;# 
    83  001D                     	;# 
    84  001E                     	;# 
    85  001F                     	;# 
    86  0081                     	;# 
    87  0085                     	;# 
    88  0086                     	;# 
    89  0087                     	;# 
    90  0088                     	;# 
    91  0089                     	;# 
    92  008C                     	;# 
    93  008D                     	;# 
    94  008E                     	;# 
    95  008F                     	;# 
    96  0090                     	;# 
    97  0091                     	;# 
    98  0092                     	;# 
    99  0093                     	;# 
   100  0093                     	;# 
   101  0093                     	;# 
   102  0094                     	;# 
   103  0095                     	;# 
   104  0096                     	;# 
   105  0097                     	;# 
   106  0098                     	;# 
   107  0099                     	;# 
   108  009A                     	;# 
   109  009B                     	;# 
   110  009C                     	;# 
   111  009D                     	;# 
   112  009E                     	;# 
   113  009F                     	;# 
   114  0105                     	;# 
   115  0107                     	;# 
   116  0108                     	;# 
   117  0109                     	;# 
   118  010C                     	;# 
   119  010C                     	;# 
   120  010D                     	;# 
   121  010E                     	;# 
   122  010F                     	;# 
   123  0185                     	;# 
   124  0187                     	;# 
   125  0188                     	;# 
   126  0189                     	;# 
   127  018C                     	;# 
   128  018D                     	;# 
   129  0000                     	;# 
   130  0001                     	;# 
   131  0002                     	;# 
   132  0003                     	;# 
   133  0004                     	;# 
   134  0005                     	;# 
   135  0006                     	;# 
   136  0007                     	;# 
   137  0008                     	;# 
   138  0009                     	;# 
   139  000A                     	;# 
   140  000B                     	;# 
   141  000C                     	;# 
   142  000D                     	;# 
   143  000E                     	;# 
   144  000E                     	;# 
   145  000F                     	;# 
   146  0010                     	;# 
   147  0011                     	;# 
   148  0012                     	;# 
   149  0013                     	;# 
   150  0014                     	;# 
   151  0015                     	;# 
   152  0015                     	;# 
   153  0016                     	;# 
   154  0017                     	;# 
   155  0018                     	;# 
   156  0019                     	;# 
   157  001A                     	;# 
   158  001B                     	;# 
   159  001B                     	;# 
   160  001C                     	;# 
   161  001D                     	;# 
   162  001E                     	;# 
   163  001F                     	;# 
   164  0081                     	;# 
   165  0085                     	;# 
   166  0086                     	;# 
   167  0087                     	;# 
   168  0088                     	;# 
   169  0089                     	;# 
   170  008C                     	;# 
   171  008D                     	;# 
   172  008E                     	;# 
   173  008F                     	;# 
   174  0090                     	;# 
   175  0091                     	;# 
   176  0092                     	;# 
   177  0093                     	;# 
   178  0093                     	;# 
   179  0093                     	;# 
   180  0094                     	;# 
   181  0095                     	;# 
   182  0096                     	;# 
   183  0097                     	;# 
   184  0098                     	;# 
   185  0099                     	;# 
   186  009A                     	;# 
   187  009B                     	;# 
   188  009C                     	;# 
   189  009D                     	;# 
   190  009E                     	;# 
   191  009F                     	;# 
   192  0105                     	;# 
   193  0107                     	;# 
   194  0108                     	;# 
   195  0109                     	;# 
   196  010C                     	;# 
   197  010C                     	;# 
   198  010D                     	;# 
   199  010E                     	;# 
   200  010F                     	;# 
   201  0185                     	;# 
   202  0187                     	;# 
   203  0188                     	;# 
   204  0189                     	;# 
   205  018C                     	;# 
   206  018D                     	;# 
   207  0000                     	;# 
   208  0001                     	;# 
   209  0002                     	;# 
   210  0003                     	;# 
   211  0004                     	;# 
   212  0005                     	;# 
   213  0006                     	;# 
   214  0007                     	;# 
   215  0008                     	;# 
   216  0009                     	;# 
   217  000A                     	;# 
   218  000B                     	;# 
   219  000C                     	;# 
   220  000D                     	;# 
   221  000E                     	;# 
   222  000E                     	;# 
   223  000F                     	;# 
   224  0010                     	;# 
   225  0011                     	;# 
   226  0012                     	;# 
   227  0013                     	;# 
   228  0014                     	;# 
   229  0015                     	;# 
   230  0015                     	;# 
   231  0016                     	;# 
   232  0017                     	;# 
   233  0018                     	;# 
   234  0019                     	;# 
   235  001A                     	;# 
   236  001B                     	;# 
   237  001B                     	;# 
   238  001C                     	;# 
   239  001D                     	;# 
   240  001E                     	;# 
   241  001F                     	;# 
   242  0081                     	;# 
   243  0085                     	;# 
   244  0086                     	;# 
   245  0087                     	;# 
   246  0088                     	;# 
   247  0089                     	;# 
   248  008C                     	;# 
   249  008D                     	;# 
   250  008E                     	;# 
   251  008F                     	;# 
   252  0090                     	;# 
   253  0091                     	;# 
   254  0092                     	;# 
   255  0093                     	;# 
   256  0093                     	;# 
   257  0093                     	;# 
   258  0094                     	;# 
   259  0095                     	;# 
   260  0096                     	;# 
   261  0097                     	;# 
   262  0098                     	;# 
   263  0099                     	;# 
   264  009A                     	;# 
   265  009B                     	;# 
   266  009C                     	;# 
   267  009D                     	;# 
   268  009E                     	;# 
   269  009F                     	;# 
   270  0105                     	;# 
   271  0107                     	;# 
   272  0108                     	;# 
   273  0109                     	;# 
   274  010C                     	;# 
   275  010C                     	;# 
   276  010D                     	;# 
   277  010E                     	;# 
   278  010F                     	;# 
   279  0185                     	;# 
   280  0187                     	;# 
   281  0188                     	;# 
   282  0189                     	;# 
   283  018C                     	;# 
   284  018D                     	;# 
   285  0000                     	;# 
   286  0001                     	;# 
   287  0002                     	;# 
   288  0003                     	;# 
   289  0004                     	;# 
   290  0005                     	;# 
   291  0006                     	;# 
   292  0007                     	;# 
   293  0008                     	;# 
   294  0009                     	;# 
   295  000A                     	;# 
   296  000B                     	;# 
   297  000C                     	;# 
   298  000D                     	;# 
   299  000E                     	;# 
   300  000E                     	;# 
   301  000F                     	;# 
   302  0010                     	;# 
   303  0011                     	;# 
   304  0012                     	;# 
   305  0013                     	;# 
   306  0014                     	;# 
   307  0015                     	;# 
   308  0015                     	;# 
   309  0016                     	;# 
   310  0017                     	;# 
   311  0018                     	;# 
   312  0019                     	;# 
   313  001A                     	;# 
   314  001B                     	;# 
   315  001B                     	;# 
   316  001C                     	;# 
   317  001D                     	;# 
   318  001E                     	;# 
   319  001F                     	;# 
   320  0081                     	;# 
   321  0085                     	;# 
   322  0086                     	;# 
   323  0087                     	;# 
   324  0088                     	;# 
   325  0089                     	;# 
   326  008C                     	;# 
   327  008D                     	;# 
   328  008E                     	;# 
   329  008F                     	;# 
   330  0090                     	;# 
   331  0091                     	;# 
   332  0092                     	;# 
   333  0093                     	;# 
   334  0093                     	;# 
   335  0093                     	;# 
   336  0094                     	;# 
   337  0095                     	;# 
   338  0096                     	;# 
   339  0097                     	;# 
   340  0098                     	;# 
   341  0099                     	;# 
   342  009A                     	;# 
   343  009B                     	;# 
   344  009C                     	;# 
   345  009D                     	;# 
   346  009E                     	;# 
   347  009F                     	;# 
   348  0105                     	;# 
   349  0107                     	;# 
   350  0108                     	;# 
   351  0109                     	;# 
   352  010C                     	;# 
   353  010C                     	;# 
   354  010D                     	;# 
   355  010E                     	;# 
   356  010F                     	;# 
   357  0185                     	;# 
   358  0187                     	;# 
   359  0188                     	;# 
   360  0189                     	;# 
   361  018C                     	;# 
   362  018D                     	;# 
   363  000B                     _INTCONbits	set	11
   364  0012                     _T2CONbits	set	18
   365  001B                     _CCPR2L	set	27
   366  001D                     _CCP2CONbits	set	29
   367  0008                     _PORTD	set	8
   368  0006                     _PORTB	set	6
   369  0009                     _PORTE	set	9
   370  0014                     _SSPCONbits	set	20
   371  0017                     _CCP1CONbits	set	23
   372  0015                     _CCPR1L	set	21
   373  001F                     _ADCON0bits	set	31
   374  001E                     _ADRESH	set	30
   375  000C                     _PIR1bits	set	12
   376  0013                     _SSPBUF	set	19
   377  0014                     _SSPCON	set	20
   378  008C                     _PIE1bits	set	140
   379  0092                     _PR2	set	146
   380  009F                     _ADCON1bits	set	159
   381  008F                     _OSCCONbits	set	143
   382  0088                     _TRISD	set	136
   383  0086                     _TRISB	set	134
   384  0089                     _TRISE	set	137
   385  0094                     _SSPSTATbits	set	148
   386  0091                     _SSPCON2bits	set	145
   387  0087                     _TRISCbits	set	135
   388  0094                     _SSPSTAT	set	148
   389  0093                     _SSPADD	set	147
   390  0091                     _SSPCON2	set	145
   391  0189                     _ANSELH	set	393
   392  0188                     _ANSEL	set	392
   393                           
   394                           	psect	cinit
   395  000F                     start_initialization:	
   396                           ; #config settings
   397                           
   398  000F                     __initialization:
   399                           
   400                           ; Clear objects allocated to COMMON
   401  000F  01F7               	clrf	__pbssCOMMON& (0+127)
   402  0010  01F8               	clrf	(__pbssCOMMON+1)& (0+127)
   403  0011  01F9               	clrf	(__pbssCOMMON+2)& (0+127)
   404  0012  01FA               	clrf	(__pbssCOMMON+3)& (0+127)
   405  0013  01FB               	clrf	(__pbssCOMMON+4)& (0+127)
   406  0014                     end_of_initialization:	
   407                           ;End of C runtime variable initialization code
   408                           
   409  0014                     __end_of__initialization:
   410  0014  0183               	clrf	3
   411  0015  120A  118A  28FF   	ljmp	_main	;jump to C main() function
   412                           
   413                           	psect	bssCOMMON
   414  0077                     __pbssCOMMON:
   415  0077                     _datoRecibido:
   416  0077                     	ds	1
   417  0078                     _dato:
   418  0078                     	ds	1
   419  0079                     _z:
   420  0079                     	ds	1
   421  007A                     _var2:
   422  007A                     	ds	1
   423  007B                     _var1:
   424  007B                     	ds	1
   425                           
   426                           	psect	cstackCOMMON
   427  0070                     __pcstackCOMMON:
   428  0070                     ?_setup:
   429  0070                     ?_I2C_Slave_Init:	
   430                           ; 1 bytes @ 0x0
   431                           
   432  0070                     ?_recibir_valoresADC:	
   433                           ; 1 bytes @ 0x0
   434                           
   435  0070                     ??_recibir_valoresADC:	
   436                           ; 1 bytes @ 0x0
   437                           
   438  0070                     ?_inicio_conversionADC:	
   439                           ; 1 bytes @ 0x0
   440                           
   441  0070                     ?_isr:	
   442                           ; 1 bytes @ 0x0
   443                           
   444  0070                     ?_main:	
   445                           ; 1 bytes @ 0x0
   446                           
   447                           
   448                           ; 1 bytes @ 0x0
   449  0070                     	ds	1
   450  0071                     ??_isr:
   451                           
   452                           ; 1 bytes @ 0x1
   453  0071                     	ds	3
   454  0074                     ??_I2C_Slave_Init:
   455  0074                     ??_inicio_conversionADC:	
   456                           ; 1 bytes @ 0x4
   457                           
   458  0074                     I2C_Slave_Init@address:	
   459                           ; 1 bytes @ 0x4
   460                           
   461                           
   462                           ; 1 bytes @ 0x4
   463  0074                     	ds	1
   464  0075                     ??_setup:
   465                           
   466                           ; 1 bytes @ 0x5
   467  0075                     	ds	1
   468  0076                     ??_main:
   469                           
   470                           ; 1 bytes @ 0x6
   471  0076                     	ds	1
   472                           
   473                           	psect	maintext
   474  00FF                     __pmaintext:	
   475 ;;
   476 ;;Main: autosize = 0, tempsize = 1, incstack = 0, save=0
   477 ;;
   478 ;; *************** function _main *****************
   479 ;; Defined at:
   480 ;;		line 100 in file "main_Esclavo1.c"
   481 ;; Parameters:    Size  Location     Type
   482 ;;		None
   483 ;; Auto vars:     Size  Location     Type
   484 ;;		None
   485 ;; Return value:  Size  Location     Type
   486 ;;                  1    wreg      void 
   487 ;; Registers used:
   488 ;;		wreg, status,2, status,0, pclath, cstack
   489 ;; Tracked objects:
   490 ;;		On entry : B00/0
   491 ;;		On exit  : 0/0
   492 ;;		Unchanged: 0/0
   493 ;; Data sizes:     COMMON   BANK0   BANK1   BANK3   BANK2
   494 ;;      Params:         0       0       0       0       0
   495 ;;      Locals:         0       0       0       0       0
   496 ;;      Temps:          1       0       0       0       0
   497 ;;      Totals:         1       0       0       0       0
   498 ;;Total ram usage:        1 bytes
   499 ;; Hardware stack levels required when called:    4
   500 ;; This function calls:
   501 ;;		_inicio_conversionADC
   502 ;;		_setup
   503 ;; This function is called by:
   504 ;;		Startup code after reset
   505 ;; This function uses a non-reentrant model
   506 ;;
   507                           
   508                           
   509                           ;psect for function _main
   510  00FF                     _main:
   511  00FF                     l931:	
   512                           ;incstack = 0
   513                           ; Regs used in _main: [wreg+status,2+status,0+pclath+cstack]
   514                           
   515                           
   516                           ;main_Esclavo1.c: 101:     setup();
   517  00FF  120A  118A  209D  120A  118A  	fcall	_setup
   518  0104                     l933:
   519                           
   520                           ;main_Esclavo1.c: 102:     _delay((unsigned long)((50)*(4000000/4000000.0)));
   521  0104  3010               	movlw	16
   522  0105  00F6               	movwf	??_main
   523  0106                     u207:
   524  0106  0BF6               	decfsz	??_main,f
   525  0107  2906               	goto	u207
   526  0108  0000               	nop
   527  0109                     l935:
   528                           
   529                           ;main_Esclavo1.c: 103:     ADCON0bits.GO = 1;
   530  0109  1283               	bcf	3,5	;RP0=0, select bank0
   531  010A  1303               	bcf	3,6	;RP1=0, select bank0
   532  010B  149F               	bsf	31,1	;volatile
   533  010C                     l937:
   534                           
   535                           ;main_Esclavo1.c: 106:     {;main_Esclavo1.c: 107:         inicio_conversionADC();
   536  010C  120A  118A  2126  120A  118A  	fcall	_inicio_conversionADC
   537  0111  290C               	goto	l937
   538  0112  120A  118A  280C   	ljmp	start
   539  0115                     __end_of_main:
   540                           
   541                           	psect	text1
   542  009D                     __ptext1:	
   543 ;; *************** function _setup *****************
   544 ;; Defined at:
   545 ;;		line 113 in file "main_Esclavo1.c"
   546 ;; Parameters:    Size  Location     Type
   547 ;;		None
   548 ;; Auto vars:     Size  Location     Type
   549 ;;		None
   550 ;; Return value:  Size  Location     Type
   551 ;;                  1    wreg      void 
   552 ;; Registers used:
   553 ;;		wreg, status,2, status,0, pclath, cstack
   554 ;; Tracked objects:
   555 ;;		On entry : 0/0
   556 ;;		On exit  : 0/0
   557 ;;		Unchanged: 0/0
   558 ;; Data sizes:     COMMON   BANK0   BANK1   BANK3   BANK2
   559 ;;      Params:         0       0       0       0       0
   560 ;;      Locals:         0       0       0       0       0
   561 ;;      Temps:          1       0       0       0       0
   562 ;;      Totals:         1       0       0       0       0
   563 ;;Total ram usage:        1 bytes
   564 ;; Hardware stack levels used:    1
   565 ;; Hardware stack levels required when called:    3
   566 ;; This function calls:
   567 ;;		_I2C_Slave_Init
   568 ;; This function is called by:
   569 ;;		_main
   570 ;; This function uses a non-reentrant model
   571 ;;
   572                           
   573                           
   574                           ;psect for function _setup
   575  009D                     _setup:
   576  009D                     l779:	
   577                           ;incstack = 0
   578                           ; Regs used in _setup: [wreg+status,2+status,0+pclath+cstack]
   579                           
   580                           
   581                           ;main_Esclavo1.c: 115:     ANSEL = 0b00100000;
   582  009D  3020               	movlw	32
   583  009E  1683               	bsf	3,5	;RP0=1, select bank3
   584  009F  1703               	bsf	3,6	;RP1=1, select bank3
   585  00A0  0088               	movwf	8	;volatile
   586  00A1                     l781:
   587                           
   588                           ;main_Esclavo1.c: 116:     ANSELH = 0x00;
   589  00A1  0189               	clrf	9	;volatile
   590  00A2                     l783:
   591                           
   592                           ;main_Esclavo1.c: 118:     TRISE = 0x01;
   593  00A2  3001               	movlw	1
   594  00A3  1683               	bsf	3,5	;RP0=1, select bank1
   595  00A4  1303               	bcf	3,6	;RP1=0, select bank1
   596  00A5  0089               	movwf	9	;volatile
   597                           
   598                           ;main_Esclavo1.c: 120:     TRISB = 0;
   599  00A6  0186               	clrf	6	;volatile
   600                           
   601                           ;main_Esclavo1.c: 121:     TRISD = 0;
   602  00A7  0188               	clrf	8	;volatile
   603                           
   604                           ;main_Esclavo1.c: 123:     PORTE = 0x00;
   605  00A8  1283               	bcf	3,5	;RP0=0, select bank0
   606  00A9  1303               	bcf	3,6	;RP1=0, select bank0
   607  00AA  0189               	clrf	9	;volatile
   608                           
   609                           ;main_Esclavo1.c: 124:     PORTB = 0;
   610  00AB  0186               	clrf	6	;volatile
   611                           
   612                           ;main_Esclavo1.c: 125:     PORTD = 0;
   613  00AC  0188               	clrf	8	;volatile
   614  00AD                     l785:
   615                           
   616                           ;main_Esclavo1.c: 126:     I2C_Slave_Init(0x50);
   617  00AD  3050               	movlw	80
   618  00AE  120A  118A  2115  120A  118A  	fcall	_I2C_Slave_Init
   619  00B3                     l787:
   620                           
   621                           ;main_Esclavo1.c: 128:     OSCCONbits. IRCF2 = 1;
   622  00B3  1683               	bsf	3,5	;RP0=1, select bank1
   623  00B4  1303               	bcf	3,6	;RP1=0, select bank1
   624  00B5  170F               	bsf	15,6	;volatile
   625  00B6                     l789:
   626                           
   627                           ;main_Esclavo1.c: 129:     OSCCONbits. IRCF1 = 1;
   628  00B6  168F               	bsf	15,5	;volatile
   629  00B7                     l791:
   630                           
   631                           ;main_Esclavo1.c: 130:     OSCCONbits. IRCF0 = 0;
   632  00B7  120F               	bcf	15,4	;volatile
   633  00B8                     l793:
   634                           
   635                           ;main_Esclavo1.c: 131:     OSCCONbits. SCS = 1;
   636  00B8  140F               	bsf	15,0	;volatile
   637  00B9                     l795:
   638                           
   639                           ;main_Esclavo1.c: 134:     ADCON1bits.ADFM = 0;
   640  00B9  139F               	bcf	31,7	;volatile
   641  00BA                     l797:
   642                           
   643                           ;main_Esclavo1.c: 135:     ADCON1bits.VCFG0 = 0;
   644  00BA  121F               	bcf	31,4	;volatile
   645  00BB                     l799:
   646                           
   647                           ;main_Esclavo1.c: 136:     ADCON1bits.VCFG1 = 0;
   648  00BB  129F               	bcf	31,5	;volatile
   649  00BC                     l801:
   650                           
   651                           ;main_Esclavo1.c: 138:     ADCON0bits.ADCS0 = 1;
   652  00BC  1283               	bcf	3,5	;RP0=0, select bank0
   653  00BD  1303               	bcf	3,6	;RP1=0, select bank0
   654  00BE  171F               	bsf	31,6	;volatile
   655  00BF                     l803:
   656                           
   657                           ;main_Esclavo1.c: 139:     ADCON0bits.ADCS1 = 0;
   658  00BF  139F               	bcf	31,7	;volatile
   659  00C0                     l805:
   660                           
   661                           ;main_Esclavo1.c: 140:     ADCON0bits.CHS = 5;
   662  00C0  081F               	movf	31,w	;volatile
   663  00C1  39C3               	andlw	-61
   664  00C2  3814               	iorlw	20
   665  00C3  009F               	movwf	31	;volatile
   666  00C4                     l807:
   667                           
   668                           ;main_Esclavo1.c: 141:     _delay((unsigned long)((100)*(4000000/4000000.0)));
   669  00C4  3021               	movlw	33
   670  00C5  00F5               	movwf	??_setup
   671  00C6                     u217:
   672  00C6  0BF5               	decfsz	??_setup,f
   673  00C7  28C6               	goto	u217
   674  00C8                     l809:
   675                           
   676                           ;main_Esclavo1.c: 142:     ADCON0bits.ADON = 1;
   677  00C8  1283               	bcf	3,5	;RP0=0, select bank0
   678  00C9  1303               	bcf	3,6	;RP1=0, select bank0
   679  00CA  141F               	bsf	31,0	;volatile
   680  00CB                     l811:
   681                           
   682                           ;main_Esclavo1.c: 144:     TRISCbits.TRISC2 = 1;
   683  00CB  1683               	bsf	3,5	;RP0=1, select bank1
   684  00CC  1303               	bcf	3,6	;RP1=0, select bank1
   685  00CD  1507               	bsf	7,2	;volatile
   686  00CE                     l813:
   687                           
   688                           ;main_Esclavo1.c: 145:     TRISCbits.TRISC1 = 1;
   689  00CE  1487               	bsf	7,1	;volatile
   690  00CF                     l815:
   691                           
   692                           ;main_Esclavo1.c: 147:     PR2 = 255;
   693  00CF  30FF               	movlw	255
   694  00D0  0092               	movwf	18	;volatile
   695  00D1                     l817:
   696                           
   697                           ;main_Esclavo1.c: 148:     CCP1CONbits.P1M = 0;
   698  00D1  303F               	movlw	-193
   699  00D2  1283               	bcf	3,5	;RP0=0, select bank0
   700  00D3  1303               	bcf	3,6	;RP1=0, select bank0
   701  00D4  0597               	andwf	23,f	;volatile
   702  00D5                     l819:
   703                           
   704                           ;main_Esclavo1.c: 150:     CCP1CONbits.CCP1M = 0b1100;
   705  00D5  0817               	movf	23,w	;volatile
   706  00D6  39F0               	andlw	-16
   707  00D7  380C               	iorlw	12
   708  00D8  0097               	movwf	23	;volatile
   709  00D9                     l821:
   710                           
   711                           ;main_Esclavo1.c: 151:     CCP2CONbits.CCP2M = 0b1100;
   712  00D9  081D               	movf	29,w	;volatile
   713  00DA  39F0               	andlw	-16
   714  00DB  380C               	iorlw	12
   715  00DC  009D               	movwf	29	;volatile
   716  00DD                     l823:
   717                           
   718                           ;main_Esclavo1.c: 153:     CCPR1L = 0x0f;
   719  00DD  300F               	movlw	15
   720  00DE  0095               	movwf	21	;volatile
   721  00DF                     l825:
   722                           
   723                           ;main_Esclavo1.c: 154:     CCPR2L = 0x0f;
   724  00DF  300F               	movlw	15
   725  00E0  009B               	movwf	27	;volatile
   726  00E1                     l827:
   727                           
   728                           ;main_Esclavo1.c: 156:     CCP1CONbits.DC1B = 0;
   729  00E1  30CF               	movlw	-49
   730  00E2  0597               	andwf	23,f	;volatile
   731  00E3                     l829:
   732                           
   733                           ;main_Esclavo1.c: 157:     CCP2CONbits.DC2B0 = 0;
   734  00E3  121D               	bcf	29,4	;volatile
   735  00E4                     l831:
   736                           
   737                           ;main_Esclavo1.c: 158:     CCP2CONbits.DC2B1 = 0;
   738  00E4  129D               	bcf	29,5	;volatile
   739  00E5                     l833:
   740                           
   741                           ;main_Esclavo1.c: 160:     PIR1bits.TMR2IF = 0;
   742  00E5  108C               	bcf	12,1	;volatile
   743  00E6                     l835:
   744                           
   745                           ;main_Esclavo1.c: 161:     T2CONbits.T2CKPS = 0b11;
   746  00E6  3003               	movlw	3
   747  00E7  0492               	iorwf	18,f	;volatile
   748  00E8                     l837:
   749                           
   750                           ;main_Esclavo1.c: 162:     T2CONbits.TMR2ON = 1;
   751  00E8  1512               	bsf	18,2	;volatile
   752  00E9                     l160:	
   753                           ;main_Esclavo1.c: 164:     while(PIR1bits.TMR2IF == 0);
   754                           
   755  00E9  1C8C               	btfss	12,1	;volatile
   756  00EA  28EC               	goto	u51
   757  00EB  28ED               	goto	u50
   758  00EC                     u51:
   759  00EC  28E9               	goto	l160
   760  00ED                     u50:
   761  00ED                     l162:
   762                           
   763                           ;main_Esclavo1.c: 165:     PIR1bits.TMR2IF = 0;
   764  00ED  108C               	bcf	12,1	;volatile
   765                           
   766                           ;main_Esclavo1.c: 167:     TRISCbits.TRISC2 = 0;
   767  00EE  1683               	bsf	3,5	;RP0=1, select bank1
   768  00EF  1303               	bcf	3,6	;RP1=0, select bank1
   769  00F0  1107               	bcf	7,2	;volatile
   770                           
   771                           ;main_Esclavo1.c: 168:     TRISCbits.TRISC1 = 0;
   772  00F1  1087               	bcf	7,1	;volatile
   773                           
   774                           ;main_Esclavo1.c: 170:     INTCONbits. GIE = 1;
   775  00F2  178B               	bsf	11,7	;volatile
   776                           
   777                           ;main_Esclavo1.c: 171:     INTCONbits.PEIE = 1;
   778  00F3  170B               	bsf	11,6	;volatile
   779                           
   780                           ;main_Esclavo1.c: 172:     PIE1bits.SSPIE = 1;
   781  00F4  158C               	bsf	12,3	;volatile
   782                           
   783                           ;main_Esclavo1.c: 173:     PIR1bits.SSPIF = 0;
   784  00F5  1283               	bcf	3,5	;RP0=0, select bank0
   785  00F6  1303               	bcf	3,6	;RP1=0, select bank0
   786  00F7  118C               	bcf	12,3	;volatile
   787                           
   788                           ;main_Esclavo1.c: 174:     PIE1bits.ADIE = 1;
   789  00F8  1683               	bsf	3,5	;RP0=1, select bank1
   790  00F9  1303               	bcf	3,6	;RP1=0, select bank1
   791  00FA  170C               	bsf	12,6	;volatile
   792                           
   793                           ;main_Esclavo1.c: 175:     PIR1bits.ADIF = 0;
   794  00FB  1283               	bcf	3,5	;RP0=0, select bank0
   795  00FC  1303               	bcf	3,6	;RP1=0, select bank0
   796  00FD  130C               	bcf	12,6	;volatile
   797  00FE                     l163:
   798  00FE  0008               	return
   799  00FF                     __end_of_setup:
   800                           
   801                           	psect	text2
   802  0115                     __ptext2:	
   803 ;; *************** function _I2C_Slave_Init *****************
   804 ;; Defined at:
   805 ;;		line 88 in file "I2C_Esclavo1.c"
   806 ;; Parameters:    Size  Location     Type
   807 ;;  address         1    wreg     unsigned char 
   808 ;; Auto vars:     Size  Location     Type
   809 ;;  address         1    4[COMMON] unsigned char 
   810 ;; Return value:  Size  Location     Type
   811 ;;                  1    wreg      void 
   812 ;; Registers used:
   813 ;;		wreg, status,2
   814 ;; Tracked objects:
   815 ;;		On entry : 0/0
   816 ;;		On exit  : 0/0
   817 ;;		Unchanged: 0/0
   818 ;; Data sizes:     COMMON   BANK0   BANK1   BANK3   BANK2
   819 ;;      Params:         0       0       0       0       0
   820 ;;      Locals:         1       0       0       0       0
   821 ;;      Temps:          0       0       0       0       0
   822 ;;      Totals:         1       0       0       0       0
   823 ;;Total ram usage:        1 bytes
   824 ;; Hardware stack levels used:    1
   825 ;; Hardware stack levels required when called:    2
   826 ;; This function calls:
   827 ;;		Nothing
   828 ;; This function is called by:
   829 ;;		_setup
   830 ;; This function uses a non-reentrant model
   831 ;;
   832                           
   833                           
   834                           ;psect for function _I2C_Slave_Init
   835  0115                     _I2C_Slave_Init:
   836                           
   837                           ;incstack = 0
   838                           ; Regs used in _I2C_Slave_Init: [wreg+status,2]
   839                           ;I2C_Slave_Init@address stored from wreg
   840  0115  00F4               	movwf	I2C_Slave_Init@address
   841  0116                     l755:
   842                           
   843                           ;I2C_Esclavo1.c: 88: void I2C_Slave_Init(uint8_t address);I2C_Esclavo1.c: 89: {;I2C_Escl
      +                          avo1.c: 90:     SSPADD = address;
   844  0116  0874               	movf	I2C_Slave_Init@address,w
   845  0117  1683               	bsf	3,5	;RP0=1, select bank1
   846  0118  1303               	bcf	3,6	;RP1=0, select bank1
   847  0119  0093               	movwf	19	;volatile
   848                           
   849                           ;I2C_Esclavo1.c: 91:     SSPCON = 0x26;
   850  011A  3026               	movlw	38
   851  011B  1283               	bcf	3,5	;RP0=0, select bank0
   852  011C  1303               	bcf	3,6	;RP1=0, select bank0
   853  011D  0094               	movwf	20	;volatile
   854                           
   855                           ;I2C_Esclavo1.c: 92:     SSPSTAT = 0x80;
   856  011E  3080               	movlw	128
   857  011F  1683               	bsf	3,5	;RP0=1, select bank1
   858  0120  1303               	bcf	3,6	;RP1=0, select bank1
   859  0121  0094               	movwf	20	;volatile
   860  0122                     l757:
   861                           
   862                           ;I2C_Esclavo1.c: 93:     SSPCON2 = 0x00;
   863  0122  0191               	clrf	17	;volatile
   864  0123                     l759:
   865                           
   866                           ;I2C_Esclavo1.c: 94:     TRISCbits.TRISC3 = 1;
   867  0123  1587               	bsf	7,3	;volatile
   868  0124                     l761:
   869                           
   870                           ;I2C_Esclavo1.c: 95:     TRISCbits.TRISC4 = 1;
   871  0124  1607               	bsf	7,4	;volatile
   872  0125                     l43:
   873  0125  0008               	return
   874  0126                     __end_of_I2C_Slave_Init:
   875                           
   876                           	psect	text3
   877  0126                     __ptext3:	
   878 ;; *************** function _inicio_conversionADC *****************
   879 ;; Defined at:
   880 ;;		line 25 in file "ADC_Esclavo1.c"
   881 ;; Parameters:    Size  Location     Type
   882 ;;		None
   883 ;; Auto vars:     Size  Location     Type
   884 ;;		None
   885 ;; Return value:  Size  Location     Type
   886 ;;                  1    wreg      void 
   887 ;; Registers used:
   888 ;;		wreg
   889 ;; Tracked objects:
   890 ;;		On entry : 0/0
   891 ;;		On exit  : 0/0
   892 ;;		Unchanged: 0/0
   893 ;; Data sizes:     COMMON   BANK0   BANK1   BANK3   BANK2
   894 ;;      Params:         0       0       0       0       0
   895 ;;      Locals:         0       0       0       0       0
   896 ;;      Temps:          1       0       0       0       0
   897 ;;      Totals:         1       0       0       0       0
   898 ;;Total ram usage:        1 bytes
   899 ;; Hardware stack levels used:    1
   900 ;; Hardware stack levels required when called:    2
   901 ;; This function calls:
   902 ;;		Nothing
   903 ;; This function is called by:
   904 ;;		_main
   905 ;; This function uses a non-reentrant model
   906 ;;
   907                           
   908                           
   909                           ;psect for function _inicio_conversionADC
   910  0126                     _inicio_conversionADC:
   911  0126                     l773:	
   912                           ;incstack = 0
   913                           ; Regs used in _inicio_conversionADC: [wreg]
   914                           
   915                           
   916                           ;ADC_Esclavo1.c: 27:     if(ADCON0bits.GO == 0)
   917  0126  1283               	bcf	3,5	;RP0=0, select bank0
   918  0127  1303               	bcf	3,6	;RP1=0, select bank0
   919  0128  189F               	btfsc	31,1	;volatile
   920  0129  292B               	goto	u41
   921  012A  292C               	goto	u40
   922  012B                     u41:
   923  012B  2934               	goto	l63
   924  012C                     u40:
   925  012C                     l775:
   926                           
   927                           ;ADC_Esclavo1.c: 28:     {;ADC_Esclavo1.c: 39:     _delay((unsigned long)((50)*(4000000/
      +                          4000000.0)));
   928  012C  3010               	movlw	16
   929  012D  00F4               	movwf	??_inicio_conversionADC
   930  012E                     u227:
   931  012E  0BF4               	decfsz	??_inicio_conversionADC,f
   932  012F  292E               	goto	u227
   933  0130  0000               	nop
   934  0131                     l777:
   935                           
   936                           ;ADC_Esclavo1.c: 40:     ADCON0bits.GO = 1;
   937  0131  1283               	bcf	3,5	;RP0=0, select bank0
   938  0132  1303               	bcf	3,6	;RP1=0, select bank0
   939  0133  149F               	bsf	31,1	;volatile
   940  0134                     l63:
   941  0134  0008               	return
   942  0135                     __end_of_inicio_conversionADC:
   943                           
   944                           	psect	text4
   945  0018                     __ptext4:	
   946 ;; *************** function _isr *****************
   947 ;; Defined at:
   948 ;;		line 50 in file "main_Esclavo1.c"
   949 ;; Parameters:    Size  Location     Type
   950 ;;		None
   951 ;; Auto vars:     Size  Location     Type
   952 ;;		None
   953 ;; Return value:  Size  Location     Type
   954 ;;                  1    wreg      void 
   955 ;; Registers used:
   956 ;;		wreg, status,2, status,0, pclath, cstack
   957 ;; Tracked objects:
   958 ;;		On entry : 0/0
   959 ;;		On exit  : 0/0
   960 ;;		Unchanged: 0/0
   961 ;; Data sizes:     COMMON   BANK0   BANK1   BANK3   BANK2
   962 ;;      Params:         0       0       0       0       0
   963 ;;      Locals:         0       0       0       0       0
   964 ;;      Temps:          3       0       0       0       0
   965 ;;      Totals:         3       0       0       0       0
   966 ;;Total ram usage:        3 bytes
   967 ;; Hardware stack levels used:    1
   968 ;; Hardware stack levels required when called:    1
   969 ;; This function calls:
   970 ;;		_recibir_valoresADC
   971 ;; This function is called by:
   972 ;;		Interrupt level 1
   973 ;; This function uses a non-reentrant model
   974 ;;
   975                           
   976                           
   977                           ;psect for function _isr
   978  0018                     _isr:
   979  0018                     i1l879:
   980                           
   981                           ;main_Esclavo1.c: 52:     recibir_valoresADC();
   982  0018  120A  118A  2135  120A  118A  	fcall	_recibir_valoresADC
   983  001D                     i1l881:
   984                           
   985                           ;main_Esclavo1.c: 53:     if (var1 < 5)
   986  001D  3005               	movlw	5
   987  001E  027B               	subwf	_var1,w
   988  001F  1803               	skipnc
   989  0020  2822               	goto	u8_21
   990  0021  2823               	goto	u8_20
   991  0022                     u8_21:
   992  0022  2829               	goto	i1l134
   993  0023                     u8_20:
   994  0023                     i1l883:
   995                           
   996                           ;main_Esclavo1.c: 54:     {;main_Esclavo1.c: 55:         CCPR1L = 0x3E;
   997  0023  303E               	movlw	62
   998  0024  1283               	bcf	3,5	;RP0=0, select bank0
   999  0025  1303               	bcf	3,6	;RP1=0, select bank0
  1000  0026  0095               	movwf	21	;volatile
  1001  0027                     i1l885:
  1002                           
  1003                           ;main_Esclavo1.c: 56:         CCP1CONbits.DC1B1 = 1;
  1004  0027  1697               	bsf	23,5	;volatile
  1005  0028                     i1l887:
  1006                           
  1007                           ;main_Esclavo1.c: 57:         CCP1CONbits.DC1B0 = 0;
  1008  0028  1217               	bcf	23,4	;volatile
  1009  0029                     i1l134:	
  1010                           ;main_Esclavo1.c: 58:     }
  1011                           
  1012                           
  1013                           ;main_Esclavo1.c: 59:     if(var1 > 200 & datoRecibido == 1)
  1014  0029  30C9               	movlw	201
  1015  002A  027B               	subwf	_var1,w
  1016  002B  1C03               	skipc
  1017  002C  282E               	goto	u9_21
  1018  002D  282F               	goto	u9_20
  1019  002E                     u9_21:
  1020  002E  283A               	goto	i1l897
  1021  002F                     u9_20:
  1022  002F                     i1l889:
  1023  002F  0377               	decf	_datoRecibido,w
  1024  0030  1D03               	btfss	3,2
  1025  0031  2833               	goto	u10_21
  1026  0032  2834               	goto	u10_20
  1027  0033                     u10_21:
  1028  0033  283A               	goto	i1l897
  1029  0034                     u10_20:
  1030  0034                     i1l891:
  1031                           
  1032                           ;main_Esclavo1.c: 60:     {;main_Esclavo1.c: 61:         CCPR1L = 0x9C;
  1033  0034  309C               	movlw	156
  1034  0035  1283               	bcf	3,5	;RP0=0, select bank0
  1035  0036  1303               	bcf	3,6	;RP1=0, select bank0
  1036  0037  0095               	movwf	21	;volatile
  1037  0038                     i1l893:
  1038                           
  1039                           ;main_Esclavo1.c: 62:         CCP1CONbits.DC1B1 = 0;
  1040  0038  1297               	bcf	23,5	;volatile
  1041  0039                     i1l895:
  1042                           
  1043                           ;main_Esclavo1.c: 63:         CCP1CONbits.DC1B0 = 1;
  1044  0039  1617               	bsf	23,4	;volatile
  1045  003A                     i1l897:
  1046                           
  1047                           ;main_Esclavo1.c: 65:     if(PIR1bits.SSPIF){
  1048  003A  1283               	bcf	3,5	;RP0=0, select bank0
  1049  003B  1303               	bcf	3,6	;RP1=0, select bank0
  1050  003C  1D8C               	btfss	12,3	;volatile
  1051  003D  283F               	goto	u11_21
  1052  003E  2840               	goto	u11_20
  1053  003F                     u11_21:
  1054  003F  2896               	goto	i1l149
  1055  0040                     u11_20:
  1056  0040                     i1l899:
  1057                           
  1058                           ;main_Esclavo1.c: 67:         SSPCONbits.CKP = 0;
  1059  0040  1214               	bcf	20,4	;volatile
  1060                           
  1061                           ;main_Esclavo1.c: 69:         if ((SSPCONbits.SSPOV) || (SSPCONbits.WCOL)){
  1062  0041  1B14               	btfsc	20,6	;volatile
  1063  0042  2844               	goto	u12_21
  1064  0043  2845               	goto	u12_20
  1065  0044                     u12_21:
  1066  0044  2849               	goto	i1l903
  1067  0045                     u12_20:
  1068  0045                     i1l901:
  1069  0045  1F94               	btfss	20,7	;volatile
  1070  0046  2848               	goto	u13_21
  1071  0047  2849               	goto	u13_20
  1072  0048                     u13_21:
  1073  0048  2850               	goto	i1l911
  1074  0049                     u13_20:
  1075  0049                     i1l903:
  1076                           
  1077                           ;main_Esclavo1.c: 70:             z = SSPBUF;
  1078  0049  0813               	movf	19,w	;volatile
  1079  004A  00F1               	movwf	??_isr
  1080  004B  0871               	movf	??_isr,w
  1081  004C  00F9               	movwf	_z
  1082  004D                     i1l905:
  1083                           
  1084                           ;main_Esclavo1.c: 71:             SSPCONbits.SSPOV = 0;
  1085  004D  1314               	bcf	20,6	;volatile
  1086  004E                     i1l907:
  1087                           
  1088                           ;main_Esclavo1.c: 72:             SSPCONbits.WCOL = 0;
  1089  004E  1394               	bcf	20,7	;volatile
  1090  004F                     i1l909:
  1091                           
  1092                           ;main_Esclavo1.c: 73:             SSPCONbits.CKP = 1;
  1093  004F  1614               	bsf	20,4	;volatile
  1094  0050                     i1l911:
  1095                           
  1096                           ;main_Esclavo1.c: 75:         if(!SSPSTATbits.D_nA && !SSPSTATbits.R_nW) {
  1097  0050  1683               	bsf	3,5	;RP0=1, select bank1
  1098  0051  1303               	bcf	3,6	;RP1=0, select bank1
  1099  0052  1A94               	btfsc	20,5	;volatile
  1100  0053  2855               	goto	u14_21
  1101  0054  2856               	goto	u14_20
  1102  0055                     u14_21:
  1103  0055  2873               	goto	i1l140
  1104  0056                     u14_20:
  1105  0056                     i1l913:
  1106  0056  1914               	btfsc	20,2	;volatile
  1107  0057  2859               	goto	u15_21
  1108  0058  285A               	goto	u15_20
  1109  0059                     u15_21:
  1110  0059  2873               	goto	i1l140
  1111  005A                     u15_20:
  1112  005A                     i1l915:
  1113                           
  1114                           ;main_Esclavo1.c: 77:             z = SSPBUF;
  1115  005A  1283               	bcf	3,5	;RP0=0, select bank0
  1116  005B  1303               	bcf	3,6	;RP1=0, select bank0
  1117  005C  0813               	movf	19,w	;volatile
  1118  005D  00F1               	movwf	??_isr
  1119  005E  0871               	movf	??_isr,w
  1120  005F  00F9               	movwf	_z
  1121  0060                     i1l917:
  1122                           
  1123                           ;main_Esclavo1.c: 79:             PIR1bits.SSPIF = 0;
  1124  0060  118C               	bcf	12,3	;volatile
  1125  0061                     i1l919:
  1126                           
  1127                           ;main_Esclavo1.c: 80:             SSPCONbits.CKP = 1;
  1128  0061  1614               	bsf	20,4	;volatile
  1129  0062                     i1l141:	
  1130                           ;main_Esclavo1.c: 81:             while(!SSPSTATbits.BF);
  1131                           
  1132  0062  1683               	bsf	3,5	;RP0=1, select bank1
  1133  0063  1303               	bcf	3,6	;RP1=0, select bank1
  1134  0064  1C14               	btfss	20,0	;volatile
  1135  0065  2867               	goto	u16_21
  1136  0066  2868               	goto	u16_20
  1137  0067                     u16_21:
  1138  0067  2862               	goto	i1l141
  1139  0068                     u16_20:
  1140  0068                     i1l921:
  1141                           
  1142                           ;main_Esclavo1.c: 82:             datoRecibido = SSPBUF;
  1143  0068  1283               	bcf	3,5	;RP0=0, select bank0
  1144  0069  1303               	bcf	3,6	;RP1=0, select bank0
  1145  006A  0813               	movf	19,w	;volatile
  1146  006B  00F1               	movwf	??_isr
  1147  006C  0871               	movf	??_isr,w
  1148  006D  00F7               	movwf	_datoRecibido
  1149                           
  1150                           ;main_Esclavo1.c: 83:             _delay((unsigned long)((250)*(4000000/4000000.0)));
  1151  006E  3053               	movlw	83
  1152  006F  00F1               	movwf	??_isr
  1153  0070                     u23_27:
  1154  0070  0BF1               	decfsz	??_isr,f
  1155  0071  2870               	goto	u23_27
  1156                           
  1157                           ;main_Esclavo1.c: 85:         }else if(!SSPSTATbits.D_nA && SSPSTATbits.R_nW){
  1158  0072  2893               	goto	i1l144
  1159  0073                     i1l140:
  1160  0073  1A94               	btfsc	20,5	;volatile
  1161  0074  2876               	goto	u17_21
  1162  0075  2877               	goto	u17_20
  1163  0076                     u17_21:
  1164  0076  2893               	goto	i1l144
  1165  0077                     u17_20:
  1166  0077                     i1l923:
  1167  0077  1D14               	btfss	20,2	;volatile
  1168  0078  287A               	goto	u18_21
  1169  0079  287B               	goto	u18_20
  1170  007A                     u18_21:
  1171  007A  2893               	goto	i1l144
  1172  007B                     u18_20:
  1173  007B                     i1l925:
  1174                           
  1175                           ;main_Esclavo1.c: 86:             z = SSPBUF;
  1176  007B  1283               	bcf	3,5	;RP0=0, select bank0
  1177  007C  1303               	bcf	3,6	;RP1=0, select bank0
  1178  007D  0813               	movf	19,w	;volatile
  1179  007E  00F1               	movwf	??_isr
  1180  007F  0871               	movf	??_isr,w
  1181  0080  00F9               	movwf	_z
  1182  0081                     i1l927:
  1183                           
  1184                           ;main_Esclavo1.c: 87:             SSPSTATbits.BF = 0;
  1185  0081  1683               	bsf	3,5	;RP0=1, select bank1
  1186  0082  1303               	bcf	3,6	;RP1=0, select bank1
  1187  0083  1014               	bcf	20,0	;volatile
  1188                           
  1189                           ;main_Esclavo1.c: 88:             SSPBUF = var1;
  1190  0084  087B               	movf	_var1,w
  1191  0085  1283               	bcf	3,5	;RP0=0, select bank0
  1192  0086  1303               	bcf	3,6	;RP1=0, select bank0
  1193  0087  0093               	movwf	19	;volatile
  1194  0088                     i1l929:
  1195                           
  1196                           ;main_Esclavo1.c: 89:             SSPCONbits.CKP = 1;
  1197  0088  1614               	bsf	20,4	;volatile
  1198                           
  1199                           ;main_Esclavo1.c: 90:             _delay((unsigned long)((250)*(4000000/4000000.0)));
  1200  0089  3053               	movlw	83
  1201  008A  00F1               	movwf	??_isr
  1202  008B                     u24_27:
  1203  008B  0BF1               	decfsz	??_isr,f
  1204  008C  288B               	goto	u24_27
  1205  008D                     i1l146:	
  1206                           ;main_Esclavo1.c: 91:             while(SSPSTATbits.BF);
  1207                           
  1208  008D  1683               	bsf	3,5	;RP0=1, select bank1
  1209  008E  1303               	bcf	3,6	;RP1=0, select bank1
  1210  008F  1814               	btfsc	20,0	;volatile
  1211  0090  2892               	goto	u19_21
  1212  0091  2893               	goto	u19_20
  1213  0092                     u19_21:
  1214  0092  288D               	goto	i1l146
  1215  0093                     u19_20:
  1216  0093                     i1l144:
  1217                           
  1218                           ;main_Esclavo1.c: 94:         PIR1bits.SSPIF = 0;
  1219  0093  1283               	bcf	3,5	;RP0=0, select bank0
  1220  0094  1303               	bcf	3,6	;RP1=0, select bank0
  1221  0095  118C               	bcf	12,3	;volatile
  1222  0096                     i1l149:
  1223  0096  0873               	movf	??_isr+2,w
  1224  0097  008A               	movwf	10
  1225  0098  0E72               	swapf	??_isr+1,w
  1226  0099  0083               	movwf	3
  1227  009A  0EFE               	swapf	btemp,f
  1228  009B  0E7E               	swapf	btemp,w
  1229  009C  0009               	retfie
  1230  009D                     __end_of_isr:
  1231                           
  1232                           	psect	intentry
  1233  0004                     __pintentry:	
  1234                           ;incstack = 0
  1235                           ; Regs used in _isr: [wreg+status,2+status,0+pclath+cstack]
  1236                           
  1237  0004                     interrupt_function:
  1238  007E                     saved_w	set	btemp
  1239  0004  00FE               	movwf	btemp
  1240  0005  0E03               	swapf	3,w
  1241  0006  00F2               	movwf	??_isr+1
  1242  0007  080A               	movf	10,w
  1243  0008  00F3               	movwf	??_isr+2
  1244  0009  120A  118A  2818   	ljmp	_isr
  1245                           
  1246                           	psect	text5
  1247  0135                     __ptext5:	
  1248 ;; *************** function _recibir_valoresADC *****************
  1249 ;; Defined at:
  1250 ;;		line 16 in file "ADC_Esclavo1.c"
  1251 ;; Parameters:    Size  Location     Type
  1252 ;;		None
  1253 ;; Auto vars:     Size  Location     Type
  1254 ;;		None
  1255 ;; Return value:  Size  Location     Type
  1256 ;;                  1    wreg      void 
  1257 ;; Registers used:
  1258 ;;		wreg
  1259 ;; Tracked objects:
  1260 ;;		On entry : 0/0
  1261 ;;		On exit  : 0/0
  1262 ;;		Unchanged: 0/0
  1263 ;; Data sizes:     COMMON   BANK0   BANK1   BANK3   BANK2
  1264 ;;      Params:         0       0       0       0       0
  1265 ;;      Locals:         0       0       0       0       0
  1266 ;;      Temps:          1       0       0       0       0
  1267 ;;      Totals:         1       0       0       0       0
  1268 ;;Total ram usage:        1 bytes
  1269 ;; Hardware stack levels used:    1
  1270 ;; This function calls:
  1271 ;;		Nothing
  1272 ;; This function is called by:
  1273 ;;		_isr
  1274 ;; This function uses a non-reentrant model
  1275 ;;
  1276                           
  1277                           
  1278                           ;psect for function _recibir_valoresADC
  1279  0135                     _recibir_valoresADC:
  1280  0135                     i1l767:	
  1281                           ;incstack = 0
  1282                           ; Regs used in _recibir_valoresADC: [wreg]
  1283                           
  1284                           
  1285                           ;ADC_Esclavo1.c: 18:     if (PIR1bits.ADIF == 1)
  1286  0135  1283               	bcf	3,5	;RP0=0, select bank0
  1287  0136  1303               	bcf	3,6	;RP1=0, select bank0
  1288  0137  1F0C               	btfss	12,6	;volatile
  1289  0138  293A               	goto	u3_21
  1290  0139  293B               	goto	u3_20
  1291  013A                     u3_21:
  1292  013A  293F               	goto	i1l771
  1293  013B                     u3_20:
  1294  013B                     i1l769:
  1295                           
  1296                           ;ADC_Esclavo1.c: 19:     {;ADC_Esclavo1.c: 20:             var1 = ADRESH;
  1297  013B  081E               	movf	30,w	;volatile
  1298  013C  00F0               	movwf	??_recibir_valoresADC
  1299  013D  0870               	movf	??_recibir_valoresADC,w
  1300  013E  00FB               	movwf	_var1
  1301  013F                     i1l771:
  1302                           
  1303                           ;ADC_Esclavo1.c: 23:     PIR1bits.ADIF = 0;
  1304  013F  130C               	bcf	12,6	;volatile
  1305  0140                     i1l59:
  1306  0140  0008               	return
  1307  0141                     __end_of_recibir_valoresADC:
  1308  007E                     btemp	set	126	;btemp
  1309  007E                     wtemp0	set	126
  1310                           
  1311                           	psect	config
  1312                           
  1313                           ;Config register CONFIG1 @ 0x2007
  1314                           ;	Oscillator Selection bits
  1315                           ;	FOSC = INTRC_NOCLKOUT, INTOSCIO oscillator: I/O function on RA6/OSC2/CLKOUT pin, I/O f
      +                          unction on RA7/OSC1/CLKIN
  1316                           ;	Watchdog Timer Enable bit
  1317                           ;	WDTE = OFF, WDT disabled and can be enabled by SWDTEN bit of the WDTCON register
  1318                           ;	Power-up Timer Enable bit
  1319                           ;	PWRTE = OFF, PWRT disabled
  1320                           ;	RE3/MCLR pin function select bit
  1321                           ;	MCLRE = OFF, RE3/MCLR pin function is digital input, MCLR internally tied to VDD
  1322                           ;	Code Protection bit
  1323                           ;	CP = OFF, Program memory code protection is disabled
  1324                           ;	Data Code Protection bit
  1325                           ;	CPD = OFF, Data memory code protection is disabled
  1326                           ;	Brown Out Reset Selection bits
  1327                           ;	BOREN = OFF, BOR disabled
  1328                           ;	Internal External Switchover bit
  1329                           ;	IESO = OFF, Internal/External Switchover mode is disabled
  1330                           ;	Fail-Safe Clock Monitor Enabled bit
  1331                           ;	FCMEN = OFF, Fail-Safe Clock Monitor is disabled
  1332                           ;	Low Voltage Programming Enable bit
  1333                           ;	LVP = OFF, RB3 pin has digital I/O, HV on MCLR must be used for programming
  1334                           ;	In-Circuit Debugger Mode bit
  1335                           ;	DEBUG = 0x1, unprogrammed default
  1336  2007                     	org	8199
  1337  2007  20D4               	dw	8404
  1338                           
  1339                           ;Config register CONFIG2 @ 0x2008
  1340                           ;	Brown-out Reset Selection bit
  1341                           ;	BOR4V = BOR40V, Brown-out Reset set to 4.0V
  1342                           ;	Flash Program Memory Self Write Enable bits
  1343                           ;	WRT = OFF, Write protection off
  1344  2008                     	org	8200
  1345  2008  3FFF               	dw	16383

Data Sizes:
    Strings     0
    Constant    0
    Data        0
    BSS         5
    Persistent  0
    Stack       0

Auto Spaces:
    Space          Size  Autos    Used
    COMMON           14      7      12
    BANK0            80      0       0
    BANK1            80      0       0
    BANK3            96      0       0
    BANK2            96      0       0

Pointer List with Targets:

    None.

Critical Paths under _main in COMMON

    _main->_setup
    _setup->_I2C_Slave_Init

Critical Paths under _isr in COMMON

    _isr->_recibir_valoresADC

Critical Paths under _main in BANK0

    None.

Critical Paths under _isr in BANK0

    None.

Critical Paths under _main in BANK1

    None.

Critical Paths under _isr in BANK1

    None.

Critical Paths under _main in BANK3

    None.

Critical Paths under _isr in BANK3

    None.

Critical Paths under _main in BANK2

    None.

Critical Paths under _isr in BANK2

    None.

Call Graph Tables:

 ---------------------------------------------------------------------------------
 (Depth) Function   	        Calls       Base Space   Used Autos Params    Refs
 ---------------------------------------------------------------------------------
 (0) _main                                                 1     1      0      15
                                              6 COMMON     1     1      0
               _inicio_conversionADC
                              _setup
 ---------------------------------------------------------------------------------
 (1) _setup                                                1     1      0      15
                                              5 COMMON     1     1      0
                     _I2C_Slave_Init
 ---------------------------------------------------------------------------------
 (2) _I2C_Slave_Init                                       1     1      0      15
                                              4 COMMON     1     1      0
 ---------------------------------------------------------------------------------
 (1) _inicio_conversionADC                                 1     1      0       0
                                              4 COMMON     1     1      0
 ---------------------------------------------------------------------------------
 Estimated maximum stack depth 2
 ---------------------------------------------------------------------------------
 (Depth) Function   	        Calls       Base Space   Used Autos Params    Refs
 ---------------------------------------------------------------------------------
 (3) _isr                                                  3     3      0       0
                                              1 COMMON     3     3      0
                 _recibir_valoresADC
 ---------------------------------------------------------------------------------
 (4) _recibir_valoresADC                                   1     1      0       0
                                              0 COMMON     1     1      0
 ---------------------------------------------------------------------------------
 Estimated maximum stack depth 4
 ---------------------------------------------------------------------------------

 Call Graph Graphs:

 _main (ROOT)
   _inicio_conversionADC
   _setup
     _I2C_Slave_Init

 _isr (ROOT)
   _recibir_valoresADC

 Address spaces:
Name               Size   Autos  Total    Cost      Usage
BITCOMMON            E      0       0       0        0.0%
EEDATA             100      0       0       0        0.0%
NULL                 0      0       0       0        0.0%
CODE                 0      0       0       0        0.0%
COMMON               E      7       C       1       85.7%
BITSFR0              0      0       0       1        0.0%
SFR0                 0      0       0       1        0.0%
BITSFR1              0      0       0       2        0.0%
SFR1                 0      0       0       2        0.0%
STACK                0      0       0       2        0.0%
ABS                  0      0       C       3        0.0%
BITBANK0            50      0       0       4        0.0%
BITSFR3              0      0       0       4        0.0%
SFR3                 0      0       0       4        0.0%
BANK0               50      0       0       5        0.0%
BITSFR2              0      0       0       5        0.0%
SFR2                 0      0       0       5        0.0%
BITBANK1            50      0       0       6        0.0%
BANK1               50      0       0       7        0.0%
BITBANK3            60      0       0       8        0.0%
BANK3               60      0       0       9        0.0%
BITBANK2            60      0       0      10        0.0%
BANK2               60      0       0      11        0.0%
DATA                 0      0       C      12        0.0%


Microchip Technology PIC Macro Assembler V2.31 build 20201012212115 
Symbol Table                                                                                   Wed Sep 01 16:44:24 2021

                            _z 0079                    _SSPSTATbits 0094                             l43 0125  
                           l63 0134                             u40 012C                             u41 012B  
                           u50 00ED                             u51 00EC                            l160 00E9  
                          l162 00ED                            l163 00FE                            l801 00BC  
                          l811 00CB                            l803 00BF                            l821 00D9  
                          l813 00CE                            l805 00C0                            l831 00E4  
                          l823 00DD                            l815 00CF                            l807 00C4  
                          l761 0124                            l833 00E5                            l825 00DF  
                          l817 00D1                            l809 00C8                            l755 0116  
                          l835 00E6                            l827 00E1                            l819 00D5  
                          l931 00FF                            l773 0126                            l757 0122  
                          l837 00E8                            l829 00E3                            l781 00A1  
                          l933 0104                            l775 012C                            l759 0123  
                          l791 00B7                            l783 00A2                            l935 0109  
                          l777 0131                            l793 00B8                            l785 00AD  
                          l937 010C                            l795 00B9                            l787 00B3  
                          l779 009D                            l797 00BA                            l789 00B6  
                          l799 00BB                            u207 0106                            u217 00C6  
                          u227 012E                            _PR2 0092                            _isr 0018  
 __end_of_inicio_conversionADC 0135                           ?_isr 0070                           i1l59 0140  
                         u3_20 013B                           u3_21 013A                           u8_20 0023  
                         u8_21 0022                           u9_20 002F                           u9_21 002E  
                         _dato 0078                           _main 00FF                           _var1 007B  
                         _var2 007A                           btemp 007E                           start 000C  
                        ??_isr 0071                          ?_main 0070                          _ANSEL 0188  
                        i1l140 0073                          i1l141 0062                          i1l134 0029  
                        i1l144 0093                          i1l146 008D                          i1l149 0096  
                        i1l901 0045                          i1l911 0050                          i1l903 0049  
                        i1l921 0068                          i1l913 0056                          i1l905 004D  
                        i1l771 013F                          i1l923 0077                          i1l915 005A  
                        i1l907 004E                          i1l925 007B                          i1l917 0060  
                        i1l909 004F                          i1l767 0135                          i1l927 0081  
                        i1l919 0061                          i1l769 013B                          i1l929 0088  
                        i1l881 001D                          i1l891 0034                          i1l883 0023  
                        i1l893 0038                          i1l885 0027                          i1l895 0039  
                        i1l887 0028                          i1l879 0018                          i1l889 002F  
                        i1l897 003A                          i1l899 0040                          u10_20 0034  
                        u10_21 0033                          u11_20 0040                          u11_21 003F  
                        u12_20 0045                          u12_21 0044                          u13_20 0049  
                        u13_21 0048                          u14_20 0056                          u14_21 0055  
                        u15_20 005A                          u15_21 0059                          u23_27 0070  
                        u16_20 0068                          u16_21 0067                          u24_27 008B  
                        u17_20 0077                          u17_21 0076                          u18_20 007B  
                        u18_21 007A                          u19_20 0093                          u19_21 0092  
                        _PORTB 0006                          _PORTD 0008                          _PORTE 0009  
                        _TRISB 0086                          _TRISD 0088                          _TRISE 0089  
                        _setup 009D                          pclath 000A                          status 0003  
                        wtemp0 007E                __initialization 000F                   __end_of_main 0115  
                       ??_main 0076                         _ADRESH 001E                         _CCPR1L 0015  
                       _CCPR2L 001B                         ?_setup 0070                         _ANSELH 0189  
                       _SSPADD 0093                         _SSPCON 0014                         _SSPBUF 0013  
         _inicio_conversionADC 0126                         saved_w 007E        __end_of__initialization 0014  
               __pcstackCOMMON 0070    __size_of_recibir_valoresADC 000C          ?_inicio_conversionADC 0070  
      __size_of_I2C_Slave_Init 0011                  __end_of_setup 00FF                   _datoRecibido 0077  
                      ??_setup 0075          I2C_Slave_Init@address 0074                     __pmaintext 00FF  
                   __pintentry 0004                        _SSPCON2 0091                        _SSPSTAT 0094  
       ??_inicio_conversionADC 0074                        __ptext1 009D                        __ptext2 0115  
                      __ptext3 0126                        __ptext4 0018                        __ptext5 0135  
                    _T2CONbits 0012                   __size_of_isr 0085           end_of_initialization 0014  
               _I2C_Slave_Init 0115                      _TRISCbits 0087                    _CCP1CONbits 0017  
                  _CCP2CONbits 001D         __end_of_I2C_Slave_Init 0126            start_initialization 000F  
                  __end_of_isr 009D     __end_of_recibir_valoresADC 0141                ?_I2C_Slave_Init 0070  
                  __pbssCOMMON 0077                      ___latbits 0002                 __size_of_setup 0062  
            interrupt_function 0004                       _PIE1bits 008C                       _PIR1bits 000C  
__size_of_inicio_conversionADC 000F                     _ADCON0bits 001F                     _ADCON1bits 009F  
             ??_I2C_Slave_Init 0074                  __size_of_main 0016             _recibir_valoresADC 0135  
                   _INTCONbits 000B            ?_recibir_valoresADC 0070                       intlevel1 0000  
                   _OSCCONbits 008F           ??_recibir_valoresADC 0070                    _SSPCON2bits 0091  
                   _SSPCONbits 0014  
